<?xml version="1.0" encoding="UTF-8"?>
<testsuites name="New Test Suite" time="0" tests="0" failures="0" errors="0">
   <testsuite name="New Test Suite" tests="0" failures="0" errors="0" time="0" timestamp="2022-02-16 19:53:06" hostname="Administrator - 10.113.1.224" id="Test Suites/New Test Suite">
      <properties>
         <property name="deviceName" value=""/>
         <property name="devicePlatform" value=""/>
         <property name="logFolder" value="C:\\Users\\Administrator\\Katalon Studio\\SASETestCases\\Reports\\New Test Suite\\20220216_195303"/>
         <property name="logFiles" value="C:\\Users\\Administrator\\Katalon Studio\\SASETestCases\\Reports\\New Test Suite\\20220216_195303\\execution0.log"/>
         <property name="attachments" value=""/>
         <property name="hostName" value="Administrator - 10.113.1.224"/>
         <property name="hostAddress" value="10.113.1.224"/>
         <property name="os" value="Windows Server 2016 64bit"/>
         <property name="katalonVersion" value="5.10.1.1"/>
      </properties>
      <system-out><![CDATA[2022-02-16 19:53:06 - [TEST_SUITE][PASSED] - New Test Suite: null]]></system-out>
      <system-err><![CDATA[]]></system-err>
   </testsuite>
</testsuites>
